0 info it worked if it ends with ok
1 verbose cli [ '/Users/william/.nvm/versions/node/v6.5.0/bin/node',
1 verbose cli   '/Users/william/.nvm/versions/node/v6.5.0/bin/npm',
1 verbose cli   'run',
1 verbose cli   'dev' ]
2 info using npm@3.10.3
3 info using node@v6.5.0
4 verbose run-script [ 'predev', 'dev', 'postdev' ]
5 info lifecycle ~TODO~@0.0.1~predev: ~TODO~@0.0.1
6 silly lifecycle ~TODO~@0.0.1~predev: no script for predev, continuing
7 info lifecycle ~TODO~@0.0.1~dev: ~TODO~@0.0.1
8 verbose lifecycle ~TODO~@0.0.1~dev: unsafe-perm in lifecycle true
9 verbose lifecycle ~TODO~@0.0.1~dev: PATH: /Users/william/.nvm/versions/node/v6.5.0/lib/node_modules/npm/bin/node-gyp-bin:/Users/william/projects/sveltekit-pokedex/node_modules/.bin:/Users/william/.nvm/versions/node/v6.5.0/bin:/Users/william/.rvm/gems/ruby-2.7.1@web-kiosk/bin:/Users/william/.rvm/gems/ruby-2.7.1@global/bin:/Users/william/.rvm/rubies/ruby-2.7.1/bin:/Users/william/.rvm/bin:/Users/william/sdk/exec -l /bin/zsh/google-cloud-sdk/bin:/usr/local/opt/gnu-sed/libexec/gnubin:/Users/william/Library/Android/Sdk/tools:/Users/william/Library/Android/Sdk/tools/bin:/Users/william/Library/Android/Sdk/platform-tools:/usr/local/opt/sqlite/bin:/Users/william/.rbenv/shims:/Users/william/.rbenv/shims:/usr/local/opt/ruby/bin:/usr/local/sbin:/usr/local/sbin:/usr/local/opt/openssl@1.1/bin:/Users/william/.rbenv/shims:/Users/william/.nvm/versions/node/v6.5.0/bin:/usr/local/bin:/usr/local/bin:/usr/bin:/bin:/usr/sbin:/sbin:/usr/local/share/dotnet:~/.dotnet/tools:/Library/Apple/usr/bin:/Users/william/Library/Android/sdk/emulator:/Users/william/Library/Android/sdk/tools:/Users/william/Library/Android/sdk/tools/bin:/Users/william/Library/Android/sdk/platform-tools
10 verbose lifecycle ~TODO~@0.0.1~dev: CWD: /Users/william/projects/sveltekit-pokedex
11 silly lifecycle ~TODO~@0.0.1~dev: Args: [ '-c', 'svelte-kit dev' ]
12 silly lifecycle ~TODO~@0.0.1~dev: Returned: code: 1  signal: null
13 info lifecycle ~TODO~@0.0.1~dev: Failed to exec dev script
14 verbose stack Error: ~TODO~@0.0.1 dev: `svelte-kit dev`
14 verbose stack Exit status 1
14 verbose stack     at EventEmitter.<anonymous> (/Users/william/.nvm/versions/node/v6.5.0/lib/node_modules/npm/lib/utils/lifecycle.js:242:16)
14 verbose stack     at emitTwo (events.js:106:13)
14 verbose stack     at EventEmitter.emit (events.js:191:7)
14 verbose stack     at ChildProcess.<anonymous> (/Users/william/.nvm/versions/node/v6.5.0/lib/node_modules/npm/lib/utils/spawn.js:40:14)
14 verbose stack     at emitTwo (events.js:106:13)
14 verbose stack     at ChildProcess.emit (events.js:191:7)
14 verbose stack     at maybeClose (internal/child_process.js:877:16)
14 verbose stack     at Process.ChildProcess._handle.onexit (internal/child_process.js:226:5)
15 verbose pkgid ~TODO~@0.0.1
16 verbose cwd /Users/william/projects/sveltekit-pokedex
17 error Darwin 19.6.0
18 error argv "/Users/william/.nvm/versions/node/v6.5.0/bin/node" "/Users/william/.nvm/versions/node/v6.5.0/bin/npm" "run" "dev"
19 error node v6.5.0
20 error npm  v3.10.3
21 error code ELIFECYCLE
22 error ~TODO~@0.0.1 dev: `svelte-kit dev`
22 error Exit status 1
23 error Failed at the ~TODO~@0.0.1 dev script 'svelte-kit dev'.
23 error Make sure you have the latest version of node.js and npm installed.
23 error If you do, this is most likely a problem with the ~TODO~ package,
23 error not with npm itself.
23 error Tell the author that this fails on your system:
23 error     svelte-kit dev
23 error You can get information on how to open an issue for this project with:
23 error     npm bugs ~TODO~
23 error Or if that isn't available, you can get their info via:
23 error     npm owner ls ~TODO~
23 error There is likely additional logging output above.
24 verbose exit [ 1, true ]
